[debug] [2022-05-19T07:37:59.352Z] ----------------------------------------------------------------------
[debug] [2022-05-19T07:37:59.357Z] Command:       C:\Program Files\nodejs\node.exe C:\Users\Vishal\AppData\Roaming\npm\node_modules\firebase-tools\lib\bin\firebase.js deploy
[debug] [2022-05-19T07:37:59.359Z] CLI Version:   10.9.2
[debug] [2022-05-19T07:37:59.359Z] Platform:      win32
[debug] [2022-05-19T07:37:59.359Z] Node Version:  v16.14.0
[debug] [2022-05-19T07:37:59.362Z] Time:          Thu May 19 2022 13:07:59 GMT+0530 (India Standard Time)
[debug] [2022-05-19T07:37:59.362Z] ----------------------------------------------------------------------
[debug] 
[debug] [2022-05-19T07:37:59.554Z] > command requires scopes: ["email","openid","https://www.googleapis.com/auth/cloudplatformprojects.readonly","https://www.googleapis.com/auth/firebase","https://www.googleapis.com/auth/cloud-platform"]
[debug] [2022-05-19T07:37:59.556Z] > authorizing via signed-in user (akshayurankar48@gmail.com)
[debug] [2022-05-19T07:37:59.556Z] [iam] checking project clone-yt-d981e for permissions ["firebase.projects.get","firebasehosting.sites.update"]
[debug] [2022-05-19T07:37:59.562Z] >>> [apiv2][query] POST https://cloudresourcemanager.googleapis.com/v1/projects/clone-yt-d981e:testIamPermissions [none]
[debug] [2022-05-19T07:37:59.563Z] >>> [apiv2][body] POST https://cloudresourcemanager.googleapis.com/v1/projects/clone-yt-d981e:testIamPermissions {"permissions":["firebase.projects.get","firebasehosting.sites.update"]}
[debug] [2022-05-19T07:38:00.892Z] <<< [apiv2][status] POST https://cloudresourcemanager.googleapis.com/v1/projects/clone-yt-d981e:testIamPermissions 200
[debug] [2022-05-19T07:38:00.893Z] <<< [apiv2][body] POST https://cloudresourcemanager.googleapis.com/v1/projects/clone-yt-d981e:testIamPermissions {"permissions":["firebase.projects.get","firebasehosting.sites.update"]}
[debug] [2022-05-19T07:38:00.896Z] >>> [apiv2][query] GET https://firebase.googleapis.com/v1beta1/projects/clone-yt-d981e [none]
[debug] [2022-05-19T07:38:01.347Z] <<< [apiv2][status] GET https://firebase.googleapis.com/v1beta1/projects/clone-yt-d981e 200
[debug] [2022-05-19T07:38:01.347Z] <<< [apiv2][body] GET https://firebase.googleapis.com/v1beta1/projects/clone-yt-d981e {"projectId":"clone-yt-d981e","projectNumber":"41472808840","displayName":"gmail-clone-yt","name":"projects/clone-yt-d981e","resources":{"hostingSite":"clone-yt-d981e","storageBucket":"clone-yt-d981e.appspot.com","locationId":"us-central"},"state":"DELETED"}
[info] 
[info] === Deploying to 'clone-yt-d981e'...
[info] 
[info] i  deploying hosting 
[debug] [2022-05-19T07:38:01.354Z] >>> [apiv2][query] GET https://firebase.googleapis.com/v1beta1/projects/clone-yt-d981e [none]
[debug] [2022-05-19T07:38:02.552Z] <<< [apiv2][status] GET https://firebase.googleapis.com/v1beta1/projects/clone-yt-d981e 200
[debug] [2022-05-19T07:38:02.553Z] <<< [apiv2][body] GET https://firebase.googleapis.com/v1beta1/projects/clone-yt-d981e {"projectId":"clone-yt-d981e","projectNumber":"41472808840","displayName":"gmail-clone-yt","name":"projects/clone-yt-d981e","resources":{"hostingSite":"clone-yt-d981e","storageBucket":"clone-yt-d981e.appspot.com","locationId":"us-central"},"state":"DELETED"}
[debug] [2022-05-19T07:38:02.558Z] >>> [apiv2][query] POST https://firebasehosting.googleapis.com/v1beta1/projects/41472808840/sites/clone-yt-d981e/versions [none]
[debug] [2022-05-19T07:38:02.559Z] >>> [apiv2][body] POST https://firebasehosting.googleapis.com/v1beta1/projects/41472808840/sites/clone-yt-d981e/versions {"config":{"rewrites":[{"glob":"**","path":"/index.html"}]},"labels":{"deployment-tool":"cli-firebase"}}
[debug] [2022-05-19T07:38:04.358Z] <<< [apiv2][status] POST https://firebasehosting.googleapis.com/v1beta1/projects/41472808840/sites/clone-yt-d981e/versions 500
[debug] [2022-05-19T07:38:04.358Z] <<< [apiv2][body] POST https://firebasehosting.googleapis.com/v1beta1/projects/41472808840/sites/clone-yt-d981e/versions {"error":{"code":500,"message":"Internal error encountered.","status":"INTERNAL"}}
[error] 
[error] Error: HTTP Error: 500, Internal error encountered.
[debug] [2022-05-19T07:38:04.521Z] Error Context: {
  "body": {
    "error": {
      "code": 500,
      "message": "Internal error encountered.",
      "status": "INTERNAL"
    }
  },
  "response": {
    "statusCode": 500
  }
}
